------------------------------------------------------------------------------------------------------------------------

[2026-05-08 19:09:39 #1 store] 
Database '/home/abarthel.daw1r25/NetBeansProjects/DAW_JAVA/$object/db/punts.odb' is opened by 161841@a205-29-240920

[2026-05-08 19:09:39 #2 store] 
Configuration path: ?

[2026-05-08 19:09:39 #3 type] 
Type DB.Punt is not enhanced.

[2026-05-08 19:09:39 #4 store] 
Database '/home/abarthel.daw1r25/NetBeansProjects/DAW_JAVA/$object/db/punts.odb' is closed by 161841@a205-29-240920

------------------------------------------------------------------------------------------------------------------------

[2026-05-08 19:43:31 #1 store] 
Database '/home/abarthel.daw1r25/NetBeansProjects/DAW_JAVA/$object/db/punts.odb' is opened by 174821@a205-29-240920

[2026-05-08 19:43:31 #2 store] 
Configuration path: ?

[2026-05-08 19:43:31 #3 type] 
Type DB.Punt is not enhanced.

------------------------------------------------------------------------------------------------------------------------

[2026-05-08 19:43:58 #1 store] 
Database '/home/abarthel.daw1r25/NetBeansProjects/DAW_JAVA/$object/db/punts.odb' is opened by 174947@a205-29-240920

[2026-05-08 19:43:58 #2 store] 
Configuration path: ?

[2026-05-08 19:43:58 #3 type] 
Type DB.Punt is not enhanced.

[2026-05-08 19:43:58 #4 store] 
Database '/home/abarthel.daw1r25/NetBeansProjects/DAW_JAVA/$object/db/punts.odb' is closed by 174947@a205-29-240920

------------------------------------------------------------------------------------------------------------------------

[2026-05-08 19:45:15 #1 store] 
Database '/home/abarthel.daw1r25/NetBeansProjects/DAW_JAVA/$object/db/punts.odb' is opened by 175549@a205-29-240920

[2026-05-08 19:45:15 #2 store] 
Configuration path: ?

[2026-05-08 19:45:15 #3 type] 
Type DB.Punt is not enhanced.

[2026-05-08 19:45:15 #4 store] 
Database '/home/abarthel.daw1r25/NetBeansProjects/DAW_JAVA/$object/db/punts.odb' is closed by 175549@a205-29-240920

------------------------------------------------------------------------------------------------------------------------

[2026-05-08 19:49:48 #1 store] 
Database '/home/abarthel.daw1r25/NetBeansProjects/DAW_JAVA/$object/db/punts.odb' is opened by 177133@a205-29-240920

[2026-05-08 19:49:48 #2 store] 
Configuration path: ?

[2026-05-08 19:49:48 #3 type] 
Type DB.Punt is not enhanced.

[2026-05-08 19:49:48 #4 store] 
Database '/home/abarthel.daw1r25/NetBeansProjects/DAW_JAVA/$object/db/punts.odb' is closed by 177133@a205-29-240920

------------------------------------------------------------------------------------------------------------------------

[2026-05-08 19:50:37 #1 store] 
Database '/home/abarthel.daw1r25/NetBeansProjects/DAW_JAVA/$object/db/punts.odb' is opened by 177644@a205-29-240920

[2026-05-08 19:50:37 #2 store] 
Configuration path: ?

[2026-05-08 19:50:37 #3 type] 
Type DB.Punt is not enhanced.

[2026-05-08 19:50:37 #4 store] 
Database '/home/abarthel.daw1r25/NetBeansProjects/DAW_JAVA/$object/db/punts.odb' is closed by 177644@a205-29-240920

------------------------------------------------------------------------------------------------------------------------

[2026-05-08 19:50:48 #1 store] 
Database '/home/abarthel.daw1r25/NetBeansProjects/DAW_JAVA/$object/db/punts.odb' is opened by 177708@a205-29-240920

[2026-05-08 19:50:48 #2 store] 
Configuration path: ?

[2026-05-08 19:50:48 #3 type] 
Type DB.Punt is not enhanced.

[2026-05-08 19:50:48 #4 store] 
Database '/home/abarthel.daw1r25/NetBeansProjects/DAW_JAVA/$object/db/punts.odb' is closed by 177708@a205-29-240920

------------------------------------------------------------------------------------------------------------------------

[2026-05-08 19:51:22 #1 store] 
Database '/home/abarthel.daw1r25/NetBeansProjects/DAW_JAVA/$object/db/punts.odb' is opened by 177880@a205-29-240920

[2026-05-08 19:51:22 #2 store] 
Configuration path: ?

[2026-05-08 19:51:22 #3 type] 
Type DB.Punt is not enhanced.

[2026-05-08 19:51:22 #4 store] 
Database '/home/abarthel.daw1r25/NetBeansProjects/DAW_JAVA/$object/db/punts.odb' is closed by 177880@a205-29-240920

------------------------------------------------------------------------------------------------------------------------

[2026-05-08 19:51:37 #1 store] 
Database '/home/abarthel.daw1r25/NetBeansProjects/DAW_JAVA/$object/db/punts.odb' is opened by 177955@a205-29-240920

[2026-05-08 19:51:37 #2 store] 
Configuration path: ?

[2026-05-08 19:51:37 #3 type] 
Type DB.Punt is not enhanced.

[2026-05-08 19:51:37 #4 store] 
Database '/home/abarthel.daw1r25/NetBeansProjects/DAW_JAVA/$object/db/punts.odb' is closed by 177955@a205-29-240920

