------------------------------------------------------------------------------------------------------------------------

[2026-05-27 02:14:10 #1 store] 
Database 'D:\Users\Alex\Projects\lib\objectdb-2.9.5\db\institut.odb' is opened by 1840@DESKTOP-J35NOVC

[2026-05-27 02:14:10 #2 store] 
Configuration path: D:\Users\Alex\Projects\lib\objectdb-2.9.5\objectdb.conf

[2026-05-27 02:14:10 #3 type] 
Type DB.Institut.Ra is not enhanced.

[2026-05-27 02:14:10 #4 type] 
Type DB.Institut.Modul is not enhanced.

[2026-05-27 02:14:10 #5 type] 
Type DB.Institut.Nota is not enhanced.

[2026-05-27 02:14:10 #6 type] 
Type DB.Institut.Alumne is not enhanced.

[2026-05-27 02:14:10 #7 type] 
Type DB.Empresa.Departament is not enhanced.

[2026-05-27 02:14:10 #8 type] 
Type DB.Empresa.Empleat is not enhanced.

[2026-05-27 02:14:10 #9 type] 
Type DB.Empresa.Projecte is not enhanced.

[2026-05-27 02:14:10 #10 store] 
Database 'D:\Users\Alex\Projects\lib\objectdb-2.9.5\db\institut.odb' is closed by 1840@DESKTOP-J35NOVC

------------------------------------------------------------------------------------------------------------------------

[2026-05-27 02:15:33 #1 store] 
Database 'D:\Users\Alex\Projects\lib\objectdb-2.9.5\db\institut.odb' is opened by 268@DESKTOP-J35NOVC

[2026-05-27 02:15:33 #2 store] 
Configuration path: D:\Users\Alex\Projects\lib\objectdb-2.9.5\objectdb.conf

[2026-05-27 02:15:33 #3 type] 
Type DB.Institut.Ra is not enhanced.

[2026-05-27 02:15:33 #4 type] 
Type DB.Institut.Modul is not enhanced.

[2026-05-27 02:15:33 #5 type] 
Type DB.Institut.Nota is not enhanced.

[2026-05-27 02:15:33 #6 type] 
Type DB.Institut.Alumne is not enhanced.

[2026-05-27 02:15:33 #7 type] 
Type DB.Empresa.Departament is not enhanced.

[2026-05-27 02:15:33 #8 type] 
Type DB.Empresa.Empleat is not enhanced.

[2026-05-27 02:15:33 #9 type] 
Type DB.Empresa.Projecte is not enhanced.

------------------------------------------------------------------------------------------------------------------------

[2026-05-27 02:15:43 #1 store] 
Database 'D:\Users\Alex\Projects\lib\objectdb-2.9.5\db\institut.odb' is opened by 10676@DESKTOP-J35NOVC

[2026-05-27 02:15:43 #2 store] 
Configuration path: D:\Users\Alex\Projects\lib\objectdb-2.9.5\objectdb.conf

[2026-05-27 02:15:43 #3 type] 
Type DB.Institut.Ra is not enhanced.

[2026-05-27 02:15:43 #4 type] 
Type DB.Institut.Modul is not enhanced.

[2026-05-27 02:15:43 #5 type] 
Type DB.Institut.Nota is not enhanced.

[2026-05-27 02:15:43 #6 type] 
Type DB.Institut.Alumne is not enhanced.

[2026-05-27 02:15:43 #7 type] 
Type DB.Empresa.Departament is not enhanced.

[2026-05-27 02:15:43 #8 type] 
Type DB.Empresa.Empleat is not enhanced.

[2026-05-27 02:15:43 #9 type] 
Type DB.Empresa.Projecte is not enhanced.

------------------------------------------------------------------------------------------------------------------------

[2026-05-27 02:16:06 #1 store] 
Database 'D:\Users\Alex\Projects\lib\objectdb-2.9.5\db\institut.odb' is opened by 12704@DESKTOP-J35NOVC

[2026-05-27 02:16:06 #2 store] 
Configuration path: D:\Users\Alex\Projects\lib\objectdb-2.9.5\objectdb.conf

[2026-05-27 02:16:06 #3 type] 
Type DB.Institut.Ra is not enhanced.

[2026-05-27 02:16:06 #4 type] 
Type DB.Institut.Modul is not enhanced.

[2026-05-27 02:16:06 #5 type] 
Type DB.Institut.Nota is not enhanced.

[2026-05-27 02:16:06 #6 type] 
Type DB.Institut.Alumne is not enhanced.

[2026-05-27 02:16:06 #7 type] 
Type DB.Empresa.Departament is not enhanced.

[2026-05-27 02:16:06 #8 type] 
Type DB.Empresa.Empleat is not enhanced.

[2026-05-27 02:16:06 #9 type] 
Type DB.Empresa.Projecte is not enhanced.

------------------------------------------------------------------------------------------------------------------------

[2026-05-27 02:18:06 #1 store] 
Database 'D:\Users\Alex\Projects\lib\objectdb-2.9.5\db\institut.odb' is opened by 3412@DESKTOP-J35NOVC

[2026-05-27 02:18:06 #2 store] 
Configuration path: D:\Users\Alex\Projects\lib\objectdb-2.9.5\objectdb.conf

[2026-05-27 02:18:06 #3 type] 
Type DB.Institut.Ra is not enhanced.

[2026-05-27 02:18:06 #4 type] 
Type DB.Institut.Modul is not enhanced.

[2026-05-27 02:18:06 #5 type] 
Type DB.Institut.Nota is not enhanced.

[2026-05-27 02:18:06 #6 type] 
Type DB.Institut.Alumne is not enhanced.

[2026-05-27 02:18:06 #7 type] 
Type DB.Empresa.Departament is not enhanced.

[2026-05-27 02:18:06 #8 type] 
Type DB.Empresa.Empleat is not enhanced.

[2026-05-27 02:18:06 #9 type] 
Type DB.Empresa.Projecte is not enhanced.

[2026-05-27 02:18:06 #10 store] 
Database 'D:\Users\Alex\Projects\lib\objectdb-2.9.5\db\institut.odb' is closed by 3412@DESKTOP-J35NOVC

------------------------------------------------------------------------------------------------------------------------

[2026-05-27 02:18:34 #1 store] 
Database 'D:\Users\Alex\Projects\lib\objectdb-2.9.5\db\institut.odb' is opened by 8752@DESKTOP-J35NOVC

[2026-05-27 02:18:34 #2 store] 
Configuration path: D:\Users\Alex\Projects\lib\objectdb-2.9.5\objectdb.conf

[2026-05-27 02:18:34 #3 type] 
Type DB.Institut.Ra is not enhanced.

[2026-05-27 02:18:34 #4 type] 
Type DB.Institut.Modul is not enhanced.

[2026-05-27 02:18:34 #5 type] 
Type DB.Institut.Nota is not enhanced.

[2026-05-27 02:18:34 #6 type] 
Type DB.Institut.Alumne is not enhanced.

[2026-05-27 02:18:34 #7 type] 
Type DB.Empresa.Departament is not enhanced.

[2026-05-27 02:18:34 #8 type] 
Type DB.Empresa.Empleat is not enhanced.

[2026-05-27 02:18:34 #9 type] 
Type DB.Empresa.Projecte is not enhanced.

[2026-05-27 02:18:34 #10 store] 
Database 'D:\Users\Alex\Projects\lib\objectdb-2.9.5\db\institut.odb' is closed by 8752@DESKTOP-J35NOVC

------------------------------------------------------------------------------------------------------------------------

[2026-05-27 02:19:04 #1 store] 
Database 'D:\Users\Alex\Projects\lib\objectdb-2.9.5\db\institut.odb' is opened by 8988@DESKTOP-J35NOVC

[2026-05-27 02:19:04 #2 store] 
Configuration path: D:\Users\Alex\Projects\lib\objectdb-2.9.5\objectdb.conf

[2026-05-27 02:19:04 #3 type] 
Type DB.Institut.Ra is not enhanced.

[2026-05-27 02:19:04 #4 type] 
Type DB.Institut.Modul is not enhanced.

[2026-05-27 02:19:04 #5 type] 
Type DB.Institut.Nota is not enhanced.

[2026-05-27 02:19:04 #6 type] 
Type DB.Institut.Alumne is not enhanced.

[2026-05-27 02:19:04 #7 type] 
Type DB.Empresa.Departament is not enhanced.

[2026-05-27 02:19:04 #8 type] 
Type DB.Empresa.Empleat is not enhanced.

[2026-05-27 02:19:04 #9 type] 
Type DB.Empresa.Projecte is not enhanced.

[2026-05-27 02:19:05 #10 store] 
Database 'D:\Users\Alex\Projects\lib\objectdb-2.9.5\db\institut.odb' is closed by 8988@DESKTOP-J35NOVC

