------------------------------------------------------------------------------------------------------------------------

[2026-06-17 02:08:43 #1 store] 
Database 'D:\Users\Alex\Projects\lib\objectdb-2.9.5\db\examen.odb' is opened by 5160@DESKTOP-J35NOVC

[2026-06-17 02:08:43 #2 store] 
Configuration path: D:\Users\Alex\Projects\lib\objectdb-2.9.5\objectdb.conf

------------------------------------------------------------------------------------------------------------------------

[2026-06-17 02:09:15 #1 store] 
Database 'D:\Users\Alex\Projects\lib\objectdb-2.9.5\db\examen.odb' has been recovered (tr. 1-2)

[2026-06-17 02:09:15 #2 store] 
Database 'D:\Users\Alex\Projects\lib\objectdb-2.9.5\db\examen.odb' is opened by 13488@DESKTOP-J35NOVC

[2026-06-17 02:09:15 #3 store] 
Configuration path: D:\Users\Alex\Projects\lib\objectdb-2.9.5\objectdb.conf

[2026-06-17 02:09:30 #4 type] 
Type DB.Examen.Client is not enhanced.

[2026-06-17 02:09:30 #5 type] 
Type DB.Examen.Activitat is not enhanced.

------------------------------------------------------------------------------------------------------------------------

[2026-06-17 02:14:28 #1 store] 
Database 'D:\Users\Alex\Projects\lib\objectdb-2.9.5\db\examen.odb' has been recovered (tr. 3-12)

[2026-06-17 02:14:28 #2 store] 
Database 'D:\Users\Alex\Projects\lib\objectdb-2.9.5\db\examen.odb' is opened by 2860@DESKTOP-J35NOVC

[2026-06-17 02:14:28 #3 store] 
Configuration path: D:\Users\Alex\Projects\lib\objectdb-2.9.5\objectdb.conf

[2026-06-17 02:14:28 #4 type] 
Type DB.Examen.Client is not enhanced.

[2026-06-17 02:14:28 #5 type] 
Type DB.Examen.Activitat is not enhanced.

------------------------------------------------------------------------------------------------------------------------

[2026-06-17 02:17:20 #1 store] 
Database 'D:\Users\Alex\Projects\lib\objectdb-2.9.5\db\examen.odb' has been recovered (tr. 13-15)

[2026-06-17 02:17:20 #2 store] 
Database 'D:\Users\Alex\Projects\lib\objectdb-2.9.5\db\examen.odb' is opened by 1704@DESKTOP-J35NOVC

[2026-06-17 02:17:20 #3 store] 
Configuration path: D:\Users\Alex\Projects\lib\objectdb-2.9.5\objectdb.conf

[2026-06-17 02:17:20 #4 type] 
Type DB.Examen.Client is not enhanced.

[2026-06-17 02:17:20 #5 type] 
Type DB.Examen.Activitat is not enhanced.

------------------------------------------------------------------------------------------------------------------------

[2026-06-17 02:19:36 #1 store] 
Database 'D:\Users\Alex\Projects\lib\objectdb-2.9.5\db\examen.odb' has been recovered (tr. 16-20)

[2026-06-17 02:19:36 #2 store] 
Database 'D:\Users\Alex\Projects\lib\objectdb-2.9.5\db\examen.odb' is opened by 2916@DESKTOP-J35NOVC

[2026-06-17 02:19:36 #3 store] 
Configuration path: D:\Users\Alex\Projects\lib\objectdb-2.9.5\objectdb.conf

[2026-06-17 02:19:36 #4 type] 
Type DB.Examen.Client is not enhanced.

[2026-06-17 02:19:36 #5 type] 
Type DB.Examen.Activitat is not enhanced.

------------------------------------------------------------------------------------------------------------------------

[2026-06-17 02:21:01 #1 store] 
Database 'D:\Users\Alex\Projects\lib\objectdb-2.9.5\db\examen.odb' is opened by 5532@DESKTOP-J35NOVC

[2026-06-17 02:21:01 #2 store] 
Configuration path: D:\Users\Alex\Projects\lib\objectdb-2.9.5\objectdb.conf

[2026-06-17 02:21:01 #3 type] 
Type DB.Examen.Client is not enhanced.

[2026-06-17 02:21:01 #4 type] 
Type DB.Examen.Activitat is not enhanced.

------------------------------------------------------------------------------------------------------------------------

[2026-06-17 02:22:27 #1 store] 
Database 'D:\Users\Alex\Projects\lib\objectdb-2.9.5\db\examen.odb' is opened by 12372@DESKTOP-J35NOVC

[2026-06-17 02:22:27 #2 store] 
Configuration path: D:\Users\Alex\Projects\lib\objectdb-2.9.5\objectdb.conf

[2026-06-17 02:22:27 #3 type] 
Type DB.Examen.Client is not enhanced.

[2026-06-17 02:22:27 #4 type] 
Type DB.Examen.Activitat is not enhanced.

------------------------------------------------------------------------------------------------------------------------

[2026-06-17 02:25:55 #1 server] 
Server on port 6136 has started by 11716@DESKTOP-J35NOVC

------------------------------------------------------------------------------------------------------------------------

[2026-06-17 02:26:25 #1 server] 
java.net.BindException: Address already in use: bind
	at java.base/sun.nio.ch.Net.bind0(Native Method)
	at java.base/sun.nio.ch.Net.bind(Net.java:555)
	at java.base/sun.nio.ch.Net.bind(Net.java:544)
	at java.base/sun.nio.ch.NioSocketImpl.bind(NioSocketImpl.java:648)
	at java.base/java.net.ServerSocket.bind(ServerSocket.java:388)
	at java.base/java.net.ServerSocket.<init>(ServerSocket.java:274)
	at java.base/java.net.ServerSocket.<init>(ServerSocket.java:218)
	at com.objectdb.o.SMR.o(SMR.java:260)
	at com.objectdb.o.SMR.f(SMR.java:160)
	at com.objectdb.o.TOL.run(TOL.java:117)
	at com.objectdb.Server.runCommand(Server.java:193)
	at com.objectdb.Server.run(Server.java:102)
	at com.objectdb.ServerRunner.main(ServerRunner.java:31)

------------------------------------------------------------------------------------------------------------------------

[2026-06-17 02:26:41 #1 explorer] 
[ObjectDB 2.9.5] javax.persistence.PersistenceException
Attempt to open a database file 'D:\Users\Alex\Projects\lib\objectdb-2.9.5\db\examen.odb' that is currently in use by another process (error 141)
	at com.objectdb.Explorer$1.run(Explorer.java:57)
	at java.desktop/java.awt.event.InvocationEvent.dispatch(InvocationEvent.java:318)
	at java.desktop/java.awt.EventQueue.dispatchEventImpl(EventQueue.java:771)
	at java.desktop/java.awt.EventQueue$4.run(EventQueue.java:722)
	at java.desktop/java.awt.EventQueue$4.run(EventQueue.java:716)
	at java.base/java.security.AccessController.doPrivileged(AccessController.java:399)
	at java.base/java.security.ProtectionDomain$JavaSecurityAccessImpl.doIntersectionPrivilege(ProtectionDomain.java:86)
	at java.desktop/java.awt.EventQueue.dispatchEvent(EventQueue.java:741)
	at java.desktop/java.awt.EventDispatchThread.pumpOneEventForFilters(EventDispatchThread.java:203)
	at java.desktop/java.awt.EventDispatchThread.pumpEventsForFilter(EventDispatchThread.java:124)
	at java.desktop/java.awt.EventDispatchThread.pumpEventsForHierarchy(EventDispatchThread.java:113)
	at java.desktop/java.awt.EventDispatchThread.pumpEvents(EventDispatchThread.java:109)
	at java.desktop/java.awt.EventDispatchThread.pumpEvents(EventDispatchThread.java:101)
	at java.desktop/java.awt.EventDispatchThread.run(EventDispatchThread.java:90)
Caused by: com.objectdb.o.UserException: Attempt to open a database file 'D:\Users\Alex\Projects\lib\objectdb-2.9.5\db\examen.odb' that is currently in use by another process
	at com.objectdb.o.MSG.a(MSG.java:64)
	at com.objectdb.o.LFL.J(LFL.java:947)
	at com.objectdb.o.LFL.x(LFL.java:904)
	at com.objectdb.o.LFL.x(LFL.java:814)
	at com.objectdb.o.DFL.<init>(DFL.java:241)
	at com.objectdb.o.DMG.<init>(DMG.java:27)
	at com.objectdb.o.MST.<init>(MST.java:127)
	at com.objectdb.o.MST.ap(MST.java:109)
	at com.objectdb.o.MSF.Zf(MSF.java:190)
	at com.objectdb.o.OMF.s(OMF.java:819)
	at com.objectdb.jpa.EMF.s(EMF.java:127)
	at com.objectdb.o.OMF.x(OMF.java:725)
	at com.objectdb.jpa.EMF.createEntityManager(EMF.java:145)
	... 16 more

------------------------------------------------------------------------------------------------------------------------

[2026-06-17 02:26:51 #1 store] 
Database 'D:\Users\Alex\Projects\lib\objectdb-2.9.5\db\examen.odb' is opened by 3880@DESKTOP-J35NOVC

[2026-06-17 02:26:51 #2 store] 
Configuration path: D:\Users\Alex\Projects\lib\objectdb-2.9.5\objectdb.conf

[2026-06-17 02:27:48 #3 store] 
Database 'D:\Users\Alex\Projects\lib\objectdb-2.9.5\db\examen.odb' is closed by 3880@DESKTOP-J35NOVC

[2026-06-17 02:27:48 #4 store] 
Database 'D:\Users\Alex\Projects\lib\objectdb-2.9.5\db\examen.odb' is opened by 3880@DESKTOP-J35NOVC

[2026-06-17 02:27:48 #5 store] 
Configuration path: D:\Users\Alex\Projects\lib\objectdb-2.9.5\objectdb.conf

[2026-06-17 02:29:32 #6 store] 
Database 'D:\Users\Alex\Projects\lib\objectdb-2.9.5\db\examen.odb' is closed by 3880@DESKTOP-J35NOVC

